#
# There is insufficient memory for the Java Runtime Environment to continue.
# Native memory allocation (malloc) failed to allocate 1662160 bytes. Error detail: Chunk::new
# Possible reasons:
#   The system is out of physical RAM or swap space
#   This process is running with CompressedOops enabled, and the Java Heap may be blocking the growth of the native heap
# Possible solutions:
#   Reduce memory load on the system
#   Increase physical memory or swap space
#   Check if swap backing store is full
#   Decrease Java heap size (-Xmx/-Xms)
#   Decrease number of Java threads
#   Decrease Java thread stack sizes (-Xss)
#   Set larger code cache with -XX:ReservedCodeCacheSize=
#   JVM is running with Unscaled Compressed Oops mode in which the Java heap is
#     placed in the first 4GB address space. The Java Heap base address is the
#     maximum limit for the native heap growth. Please use -XX:HeapBaseMinAddress
#     to set the Java Heap base and to place the Java Heap above 4GB virtual address.
# This output file may be truncated or incomplete.
#
#  Out of Memory Error (arena.cpp:168), pid=22388, tid=17660
#
# JRE version: OpenJDK Runtime Environment Temurin-21.0.8+9 (21.0.8+9) (build 21.0.8+9-LTS)
# Java VM: OpenJDK 64-Bit Server VM Temurin-21.0.8+9 (21.0.8+9-LTS, mixed mode, sharing, tiered, compressed oops, compressed class ptrs, parallel gc, windows-amd64)
# No core dump will be written. Minidumps are not enabled by default on client versions of Windows
#

---------------  S U M M A R Y ------------

Command Line: --add-modules=ALL-SYSTEM --add-opens=java.base/java.util=ALL-UNNAMED --add-opens=java.base/java.lang=ALL-UNNAMED --add-opens=java.base/sun.nio.fs=ALL-UNNAMED -Declipse.application=org.eclipse.jdt.ls.core.id1 -Dosgi.bundles.defaultStartLevel=4 -Declipse.product=org.eclipse.jdt.ls.core.product -Djava.import.generatesMetadataFilesAtProjectRoot=false -DDetectVMInstallationsJob.disabled=true -Dfile.encoding=utf8 -XX:+UseParallelGC -XX:GCTimeRatio=4 -XX:AdaptiveSizePolicyWeight=90 -Dsun.zip.disableMemoryMapping=true -Xmx2G -Xms100m -Xlog:disable -javaagent:c:\Users\yg638\.vscode\extensions\redhat.java-1.46.0-win32-x64\lombok\lombok-1.18.39-4050.jar -XX:+HeapDumpOnOutOfMemoryError -XX:HeapDumpPath=c:\Users\yg638\AppData\Roaming\Code\User\workspaceStorage\2e0b922a825706df6b4ab8fbe938a9ba\redhat.java -Daether.dependencyCollector.impl=bf c:\Users\yg638\.vscode\extensions\redhat.java-1.46.0-win32-x64\server\plugins\org.eclipse.equinox.launcher_1.7.0.v20250519-0528.jar -configuration c:\Users\yg638\AppData\Roaming\Code\User\globalStorage\redhat.java\1.46.0\config_win -data c:\Users\yg638\AppData\Roaming\Code\User\workspaceStorage\2e0b922a825706df6b4ab8fbe938a9ba\redhat.java\jdt_ws --pipe=\\.\pipe\lsp-4cb8ee1d9e6d91bd08b1d1b280710a93-sock

Host: AMD Ryzen 5 5600H with Radeon Graphics         , 12 cores, 7G,  Windows 11 , 64 bit Build 26100 (10.0.26100.6725)
Time: Sat Nov  1 19:24:29 2025 India Standard Time elapsed time: 74.247056 seconds (0d 0h 1m 14s)

---------------  T H R E A D  ---------------

Current thread (0x000001f27f46c720):  JavaThread "C2 CompilerThread0" daemon [_thread_in_native, id=17660, stack(0x00000030d2400000,0x00000030d2500000) (1024K)]


Current CompileTask:
C2:74247 10890       4       org.eclipse.jdt.internal.compiler.util.JrtFileSystem$2::visitFile (72 bytes)

Stack: [0x00000030d2400000,0x00000030d2500000]
Native frames: (J=compiled Java code, j=interpreted, Vv=VM code, C=native code)
V  [jvm.dll+0x6d2449]
V  [jvm.dll+0x8ae341]
V  [jvm.dll+0x8b08be]
V  [jvm.dll+0x8b0fa3]
V  [jvm.dll+0x280c96]
V  [jvm.dll+0xc581d]
V  [jvm.dll+0xc5d53]
V  [jvm.dll+0x3b919c]
V  [jvm.dll+0x1e1213]
V  [jvm.dll+0x249022]
V  [jvm.dll+0x2484af]
V  [jvm.dll+0x1c89ee]
V  [jvm.dll+0x257d4d]
V  [jvm.dll+0x2562ea]
V  [jvm.dll+0x3f2d16]
V  [jvm.dll+0x857e6b]
V  [jvm.dll+0x6d0b0d]
C  [ucrtbase.dll+0x37b0]
C  [KERNEL32.DLL+0x2e8d7]
C  [ntdll.dll+0x8c53c]


---------------  P R O C E S S  ---------------

Threads class SMR info:
_java_thread_list=0x000001f2073c5620, length=57, elements={
0x000001f225acdf80, 0x000001f225a7d9c0, 0x000001f225a7e870, 0x000001f27f45b710,
0x000001f27f45c510, 0x000001f27f45e310, 0x000001f27f464260, 0x000001f27f46c720,
0x000001f27f497fe0, 0x000001f27f5ba830, 0x000001f27f749aa0, 0x000001f2048991a0,
0x000001f204899ec0, 0x000001f20489b270, 0x000001f204899830, 0x000001f27f7ea2b0,
0x000001f27f7ea940, 0x000001f27f7eafd0, 0x000001f27f7e8f00, 0x000001f27f7e81e0,
0x000001f27f7e8870, 0x000001f27f7ebcf0, 0x000001f27f7e9590, 0x000001f27f7eb660,
0x000001f27f7ed730, 0x000001f27f7ef170, 0x000001f27f7ee450, 0x000001f27f7eeae0,
0x000001f27f7eddc0, 0x000001f27f7ec380, 0x000001f27f7eca10, 0x000001f27f7ed0a0,
0x000001f20489abe0, 0x000001f20489b900, 0x000001f204898480, 0x000001f20489a550,
0x000001f204898b10, 0x000001f20887bcb0, 0x000001f20887f130, 0x000001f20887d060,
0x000001f20887d6f0, 0x000001f20887e410, 0x000001f2070854c0, 0x000001f2070826d0,
0x000001f2070833f0, 0x000001f207082040, 0x000001f207088fd0, 0x000001f207086870,
0x000001f207087c20, 0x000001f2070861e0, 0x000001f207086f00, 0x000001f207087590,
0x000001f207089660, 0x000001f20887fe50, 0x000001f20492b7a0, 0x000001f204929c60,
0x000001f2088804e0
}

Java Threads: ( => current thread )
  0x000001f225acdf80 JavaThread "main"                              [_thread_blocked, id=23684, stack(0x00000030d1a00000,0x00000030d1b00000) (1024K)]
  0x000001f225a7d9c0 JavaThread "Reference Handler"          daemon [_thread_blocked, id=13424, stack(0x00000030d1e00000,0x00000030d1f00000) (1024K)]
  0x000001f225a7e870 JavaThread "Finalizer"                  daemon [_thread_blocked, id=14956, stack(0x00000030d1f00000,0x00000030d2000000) (1024K)]
  0x000001f27f45b710 JavaThread "Signal Dispatcher"          daemon [_thread_blocked, id=16284, stack(0x00000030d2000000,0x00000030d2100000) (1024K)]
  0x000001f27f45c510 JavaThread "Attach Listener"            daemon [_thread_blocked, id=20660, stack(0x00000030d2100000,0x00000030d2200000) (1024K)]
  0x000001f27f45e310 JavaThread "Service Thread"             daemon [_thread_blocked, id=3616, stack(0x00000030d2200000,0x00000030d2300000) (1024K)]
  0x000001f27f464260 JavaThread "Monitor Deflation Thread"   daemon [_thread_blocked, id=11252, stack(0x00000030d2300000,0x00000030d2400000) (1024K)]
=>0x000001f27f46c720 JavaThread "C2 CompilerThread0"         daemon [_thread_in_native, id=17660, stack(0x00000030d2400000,0x00000030d2500000) (1024K)]
  0x000001f27f497fe0 JavaThread "C1 CompilerThread0"         daemon [_thread_blocked, id=16652, stack(0x00000030d2500000,0x00000030d2600000) (1024K)]
  0x000001f27f5ba830 JavaThread "Common-Cleaner"             daemon [_thread_blocked, id=21564, stack(0x00000030d2600000,0x00000030d2700000) (1024K)]
  0x000001f27f749aa0 JavaThread "Notification Thread"        daemon [_thread_blocked, id=8436, stack(0x00000030d2800000,0x00000030d2900000) (1024K)]
  0x000001f2048991a0 JavaThread "Active Thread: Equinox Container: 956d5ef7-020b-4abd-ad05-ef72c8850bad"        [_thread_blocked, id=15104, stack(0x00000030d3600000,0x00000030d3700000) (1024K)]
  0x000001f204899ec0 JavaThread "Framework Event Dispatcher: Equinox Container: 956d5ef7-020b-4abd-ad05-ef72c8850bad" daemon [_thread_blocked, id=14372, stack(0x00000030d2700000,0x00000030d2800000) (1024K)]
  0x000001f20489b270 JavaThread "Start Level: Equinox Container: 956d5ef7-020b-4abd-ad05-ef72c8850bad" daemon [_thread_blocked, id=15724, stack(0x00000030d2900000,0x00000030d2a00000) (1024K)]
  0x000001f204899830 JavaThread "Refresh Thread: Equinox Container: 956d5ef7-020b-4abd-ad05-ef72c8850bad" daemon [_thread_blocked, id=12820, stack(0x00000030d3a00000,0x00000030d3b00000) (1024K)]
  0x000001f27f7ea2b0 JavaThread "Bundle File Closer"         daemon [_thread_blocked, id=19100, stack(0x00000030d3800000,0x00000030d3900000) (1024K)]
  0x000001f27f7ea940 JavaThread "SCR Component Actor"        daemon [_thread_blocked, id=18828, stack(0x00000030d3000000,0x00000030d3100000) (1024K)]
  0x000001f27f7eafd0 JavaThread "Worker-JM"                         [_thread_blocked, id=17056, stack(0x00000030d3200000,0x00000030d3300000) (1024K)]
  0x000001f27f7e8f00 JavaThread "Worker-0"                          [_thread_blocked, id=21196, stack(0x00000030d3300000,0x00000030d3400000) (1024K)]
  0x000001f27f7e81e0 JavaThread "Worker-1: Java indexing... "        [_thread_blocked, id=15552, stack(0x00000030d3400000,0x00000030d3500000) (1024K)]
  0x000001f27f7e8870 JavaThread "Java indexing"              daemon [_thread_blocked, id=5056, stack(0x00000030d3500000,0x00000030d3600000) (1024K)]
  0x000001f27f7ebcf0 JavaThread "JNA Cleaner"                daemon [_thread_blocked, id=9332, stack(0x00000030d3b00000,0x00000030d3c00000) (1024K)]
  0x000001f27f7e9590 JavaThread "Worker-2: Refreshing workspace"        [_thread_blocked, id=9588, stack(0x00000030d3e00000,0x00000030d3f00000) (1024K)]
  0x000001f27f7eb660 JavaThread "Worker-3: Validating Gradle wrapper checksum..."        [_thread_blocked, id=9280, stack(0x00000030d3f00000,0x00000030d4000000) (1024K)]
  0x000001f27f7ed730 JavaThread "Worker-4"                          [_thread_blocked, id=10792, stack(0x00000030d4000000,0x00000030d4100000) (1024K)]
  0x000001f27f7ef170 JavaThread "Worker-5: Initialize workspace"        [_thread_blocked, id=9072, stack(0x00000030d4300000,0x00000030d4400000) (1024K)]
  0x000001f27f7ee450 JavaThread "Thread-1"                   daemon [_thread_in_native, id=3676, stack(0x00000030d4400000,0x00000030d4500000) (1024K)]
  0x000001f27f7eeae0 JavaThread "Thread-2"                   daemon [_thread_in_native, id=16820, stack(0x00000030d4500000,0x00000030d4600000) (1024K)]
  0x000001f27f7eddc0 JavaThread "Thread-3"                   daemon [_thread_in_native, id=5912, stack(0x00000030d4600000,0x00000030d4700000) (1024K)]
  0x000001f27f7ec380 JavaThread "Thread-4"                   daemon [_thread_in_native, id=13456, stack(0x00000030d4700000,0x00000030d4800000) (1024K)]
  0x000001f27f7eca10 JavaThread "Thread-5"                   daemon [_thread_in_native, id=11276, stack(0x00000030d4800000,0x00000030d4900000) (1024K)]
  0x000001f27f7ed0a0 JavaThread "Thread-6"                   daemon [_thread_in_native, id=23520, stack(0x00000030d4900000,0x00000030d4a00000) (1024K)]
  0x000001f20489abe0 JavaThread "Thread-7"                   daemon [_thread_in_native, id=21784, stack(0x00000030d4a00000,0x00000030d4b00000) (1024K)]
  0x000001f20489b900 JavaThread "Thread-8"                   daemon [_thread_in_native, id=24468, stack(0x00000030d4b00000,0x00000030d4c00000) (1024K)]
  0x000001f204898480 JavaThread "Thread-9"                   daemon [_thread_in_native, id=10824, stack(0x00000030d4c00000,0x00000030d4d00000) (1024K)]
  0x000001f20489a550 JavaThread "Thread-10"                  daemon [_thread_in_native, id=15736, stack(0x00000030d4d00000,0x00000030d4e00000) (1024K)]
  0x000001f204898b10 JavaThread "Thread-11"                  daemon [_thread_in_native, id=14916, stack(0x00000030d4e00000,0x00000030d4f00000) (1024K)]
  0x000001f20887bcb0 JavaThread "Thread-12"                  daemon [_thread_in_native, id=1916, stack(0x00000030d4f00000,0x00000030d5000000) (1024K)]
  0x000001f20887f130 JavaThread "Thread-13"                  daemon [_thread_in_native, id=9148, stack(0x00000030d5000000,0x00000030d5100000) (1024K)]
  0x000001f20887d060 JavaThread "pool-2-thread-1"                   [_thread_blocked, id=15588, stack(0x00000030d5100000,0x00000030d5200000) (1024K)]
  0x000001f20887d6f0 JavaThread "WorkspaceEventsHandler"            [_thread_blocked, id=9424, stack(0x00000030d5200000,0x00000030d5300000) (1024K)]
  0x000001f20887e410 JavaThread "pool-1-thread-1"                   [_thread_blocked, id=22192, stack(0x00000030d5300000,0x00000030d5400000) (1024K)]
  0x000001f2070854c0 JavaThread "Timer-0"                           [_thread_blocked, id=23828, stack(0x00000030d6200000,0x00000030d6300000) (1024K)]
  0x000001f2070826d0 JavaThread "Timer-1"                           [_thread_blocked, id=15772, stack(0x00000030d6000000,0x00000030d6100000) (1024K)]
  0x000001f2070833f0 JavaThread "Timer-2"                           [_thread_blocked, id=4708, stack(0x00000030d6300000,0x00000030d6400000) (1024K)]
  0x000001f207082040 JavaThread "Timer-3"                           [_thread_blocked, id=13196, stack(0x00000030d6500000,0x00000030d6600000) (1024K)]
  0x000001f207088fd0 JavaThread "Timer-4"                           [_thread_blocked, id=14480, stack(0x00000030d6600000,0x00000030d6700000) (1024K)]
  0x000001f207086870 JavaThread "Exec process"                      [_thread_blocked, id=1676, stack(0x00000030d3100000,0x00000030d3200000) (1024K)]
  0x000001f207087c20 JavaThread "Exec process Thread 2"             [_thread_blocked, id=9048, stack(0x00000030d3900000,0x00000030d3a00000) (1024K)]
  0x000001f2070861e0 JavaThread "Exec process Thread 3"             [_thread_blocked, id=12916, stack(0x00000030d5500000,0x00000030d5600000) (1024K)]
  0x000001f207086f00 JavaThread "Timer-5"                           [_thread_blocked, id=13536, stack(0x00000030d1800000,0x00000030d1900000) (1024K)]
  0x000001f207087590 JavaThread "Timer-6"                           [_thread_blocked, id=23696, stack(0x00000030d1900000,0x00000030d1a00000) (1024K)]
  0x000001f207089660 JavaThread "Timer-7"                           [_thread_blocked, id=16252, stack(0x00000030d5700000,0x00000030d5800000) (1024K)]
  0x000001f20887fe50 JavaThread "Worker-6"                          [_thread_blocked, id=15964, stack(0x00000030d5600000,0x00000030d5700000) (1024K)]
  0x000001f20492b7a0 JavaThread "C2 CompilerThread1"         daemon [_thread_blocked, id=7896, stack(0x00000030d1700000,0x00000030d1800000) (1024K)]
  0x000001f204929c60 JavaThread "C2 CompilerThread2"         daemon [_thread_blocked, id=2836, stack(0x00000030d5a00000,0x00000030d5b00000) (1024K)]
  0x000001f2088804e0 JavaThread "Worker-7"                          [_thread_blocked, id=10800, stack(0x00000030d5800000,0x00000030d5900000) (1024K)]
Total: 57

Other Threads:
  0x000001f225b8ea00 VMThread "VM Thread"                           [id=19408, stack(0x00000030d1d00000,0x00000030d1e00000) (1024K)]
  0x000001f22595ca00 WatcherThread "VM Periodic Task Thread"        [id=20200, stack(0x00000030d1c00000,0x00000030d1d00000) (1024K)]
  0x000001f225aec440 WorkerThread "GC Thread#0"                     [id=16420, stack(0x00000030d1b00000,0x00000030d1c00000) (1024K)]
  0x000001f2045c8ae0 WorkerThread "GC Thread#1"                     [id=6976, stack(0x00000030d2a00000,0x00000030d2b00000) (1024K)]
  0x000001f2045c8e80 WorkerThread "GC Thread#2"                     [id=4104, stack(0x00000030d2b00000,0x00000030d2c00000) (1024K)]
  0x000001f2045c78c0 WorkerThread "GC Thread#3"                     [id=22076, stack(0x00000030d2c00000,0x00000030d2d00000) (1024K)]
  0x000001f2045c8740 WorkerThread "GC Thread#4"                     [id=1584, stack(0x00000030d2d00000,0x00000030d2e00000) (1024K)]
  0x000001f2045c7c60 WorkerThread "GC Thread#5"                     [id=20688, stack(0x00000030d2e00000,0x00000030d2f00000) (1024K)]
  0x000001f2045c9220 WorkerThread "GC Thread#6"                     [id=18668, stack(0x00000030d2f00000,0x00000030d3000000) (1024K)]
  0x000001f2044df3f0 WorkerThread "GC Thread#7"                     [id=22144, stack(0x00000030d3700000,0x00000030d3800000) (1024K)]
  0x000001f2044dc4d0 WorkerThread "GC Thread#8"                     [id=23992, stack(0x00000030d4100000,0x00000030d4200000) (1024K)]
  0x000001f2044dc130 WorkerThread "GC Thread#9"                     [id=17468, stack(0x00000030d4200000,0x00000030d4300000) (1024K)]
Total: 12

Threads with active compile tasks:
C2 CompilerThread0  74276 10890       4       org.eclipse.jdt.internal.compiler.util.JrtFileSystem$2::visitFile (72 bytes)
C2 CompilerThread1  74276 11132   !   4       org.eclipse.jdt.internal.core.search.indexing.AddJrtToIndex$JrtIndexer::visitFile (133 bytes)
C2 CompilerThread2  74276 11162       4       org.eclipse.jdt.core.Signature::checkArrayDimension (92 bytes)
Total: 3

VM state: at safepoint (normal execution)

VM Mutex/Monitor currently owned by a thread:  ([mutex/lock_event])
[0x00007ffd5f4b5458] Threads_lock - owner thread: 0x000001f225b8ea00
[0x00007ffd5f4b5558] Heap_lock - owner thread: 0x000001f27f7e8870
[0x00007ffd5f4b59d8] PSOldGenExpand_lock - owner thread: 0x000001f2045c9220

Heap address: 0x0000000080000000, size: 2048 MB, Compressed Oops mode: 32-bit

CDS archive(s) mapped at: [0x000001f23d000000-0x000001f23dba0000-0x000001f23dba0000), size 12189696, SharedBaseAddress: 0x000001f23d000000, ArchiveRelocationMode: 1.
Compressed class space mapped at: 0x000001f23e000000-0x000001f27e000000, reserved size: 1073741824
Narrow klass base: 0x000001f23d000000, Narrow klass shift: 0, Narrow klass range: 0x100000000

GC Precious Log:
 CardTable entry size: 512
 CPUs: 12 total, 12 available
 Memory: 7521M
 Large Page Support: Disabled
 NUMA Support: Disabled
 Compressed Oops: Enabled (32-bit)
 Alignments: Space 512K, Generation 512K, Heap 2M
 Heap Min Capacity: 100M
 Heap Initial Capacity: 100M
 Heap Max Capacity: 2G
 Pre-touch: Disabled
 Parallel Workers: 10

Heap:
 PSYoungGen      total 7680K, used 7463K [0x00000000d5580000, 0x00000000d5e80000, 0x0000000100000000)
  eden space 6144K, 100% used [0x00000000d5580000,0x00000000d5b80000,0x00000000d5b80000)
  from space 1536K, 85% used [0x00000000d5d00000,0x00000000d5e49e08,0x00000000d5e80000)
  to   space 1536K, 67% used [0x00000000d5b80000,0x00000000d5c834e0,0x00000000d5d00000)
 ParOldGen       total 239104K, used 239100K [0x0000000080000000, 0x000000008e980000, 0x00000000d5580000)
  object space 239104K, 99% used [0x0000000080000000,0x000000008e97f170,0x000000008e980000)
 Metaspace       used 73498K, committed 75008K, reserved 1114112K
  class space    used 9119K, committed 9856K, reserved 1048576K

Card table byte_map: [0x000001f225470000,0x000001f225880000] _byte_map_base: 0x000001f225070000

Marking Bits: (ParMarkBitMap*) 0x00007ffd5f4ba340
 Begin Bits: [0x000001f237f70000, 0x000001f239f70000)
 End Bits:   [0x000001f239f70000, 0x000001f23bf70000)

Polling page: 0x000001f223890000

Metaspace:

Usage:
  Non-class:     62.87 MB used.
      Class:      8.91 MB used.
       Both:     71.78 MB used.

Virtual space:
  Non-class space:       64.00 MB reserved,      63.62 MB (>99%) committed,  1 nodes.
      Class space:        1.00 GB reserved,       9.62 MB ( <1%) committed,  1 nodes.
             Both:        1.06 GB reserved,      73.25 MB (  7%) committed. 

Chunk freelists:
   Non-Class:  414.00 KB
       Class:  6.37 MB
        Both:  6.78 MB

MaxMetaspaceSize: unlimited
CompressedClassSpaceSize: 1.00 GB
Initial GC threshold: 21.00 MB
Current GC threshold: 97.31 MB
CDS: on
 - commit_granule_bytes: 65536.
 - commit_granule_words: 8192.
 - virtual_space_node_default_size: 8388608.
 - enlarge_chunks_in_place: 1.
 - use_allocation_guard: 0.


Internal statistics:

num_allocs_failed_limit: 9.
num_arena_births: 1436.
num_arena_deaths: 40.
num_vsnodes_births: 2.
num_vsnodes_deaths: 0.
num_space_committed: 1172.
num_space_uncommitted: 0.
num_chunks_returned_to_freelist: 59.
num_chunks_taken_from_freelist: 4551.
num_chunk_merges: 15.
num_chunk_splits: 2897.
num_chunks_enlarged: 1796.
num_inconsistent_stats: 0.

CodeHeap 'non-profiled nmethods': size=120000Kb used=10347Kb max_used=10347Kb free=109652Kb
 bounds [0x000001f230790000, 0x000001f2311b0000, 0x000001f237cc0000]
CodeHeap 'profiled nmethods': size=120000Kb used=21372Kb max_used=21372Kb free=98627Kb
 bounds [0x000001f228cc0000, 0x000001f22a1a0000, 0x000001f2301f0000]
CodeHeap 'non-nmethods': size=5760Kb used=1457Kb max_used=1536Kb free=4302Kb
 bounds [0x000001f2301f0000, 0x000001f230460000, 0x000001f230790000]
CodeCache: size=245760Kb, used=33176Kb, max_used=33255Kb, free=212581Kb
 total_blobs=11096, nmethods=10326, adapters=676, full_count=0
Compilation: enabled, stopped_count=0, restarted_count=0

Compilation events (20 events):
Event: 73.169 Thread 0x000001f27f497fe0 11175       2       java.lang.StringUTF16::charAt (11 bytes)
Event: 73.170 Thread 0x000001f27f497fe0 nmethod 11175 0x000001f22a19d510 code [0x000001f22a19d6a0, 0x000001f22a19d7d8]
Event: 73.176 Thread 0x000001f27f497fe0 11177       2       org.eclipse.core.internal.filesystem.local.LocalFile::toURI (23 bytes)
Event: 73.176 Thread 0x000001f27f497fe0 nmethod 11177 0x000001f22a19d910 code [0x000001f22a19dac0, 0x000001f22a19dcb8]
Event: 73.176 Thread 0x000001f27f497fe0 11178       2       org.eclipse.core.runtime.Status::setSeverity (40 bytes)
Event: 73.177 Thread 0x000001f27f497fe0 nmethod 11178 0x000001f22a19de10 code [0x000001f22a19dfc0, 0x000001f22a19e1e0]
Event: 73.181 Thread 0x000001f27f497fe0 11180       2       org.eclipse.core.runtime.Status::setPlugin (26 bytes)
Event: 73.182 Thread 0x000001f27f497fe0 nmethod 11180 0x000001f22a19e310 code [0x000001f22a19e4c0, 0x000001f22a19e6f0]
Event: 73.182 Thread 0x000001f27f497fe0 11181       2       org.eclipse.core.runtime.Status::setMessage (19 bytes)
Event: 73.182 Thread 0x000001f27f497fe0 nmethod 11181 0x000001f22a19e890 code [0x000001f22a19ea40, 0x000001f22a19ebc8]
Event: 73.182 Thread 0x000001f27f497fe0 11182       3       java.util.regex.Pattern$LastNode::match (45 bytes)
Event: 73.182 Thread 0x000001f27f497fe0 nmethod 11182 0x000001f22a19ec90 code [0x000001f22a19ee40, 0x000001f22a19f040]
Event: 73.184 Thread 0x000001f204929c60 nmethod 11154 0x000001f2311a7a10 code [0x000001f2311a7d40, 0x000001f2311a9318]
Event: 73.185 Thread 0x000001f204929c60 11179       4       java.lang.Character::codePointAt (51 bytes)
Event: 73.186 Thread 0x000001f204929c60 nmethod 11179 0x000001f2311aa390 code [0x000001f2311aa540, 0x000001f2311aa6e0]
Event: 73.186 Thread 0x000001f204929c60 11167       4       java.util.regex.Pattern$$Lambda/0x000001f23e067ff0::is (5 bytes)
Event: 73.187 Thread 0x000001f204929c60 nmethod 11167 0x000001f2311aa910 code [0x000001f2311aaaa0, 0x000001f2311aab98]
Event: 73.187 Thread 0x000001f204929c60 11162       4       org.eclipse.jdt.core.Signature::checkArrayDimension (92 bytes)
Event: 73.187 Thread 0x000001f27f497fe0 11183       1       org.eclipse.core.internal.resources.Rules::buildRule (5 bytes)
Event: 73.187 Thread 0x000001f27f497fe0 nmethod 11183 0x000001f2311aac90 code [0x000001f2311aae20, 0x000001f2311aaee8]

GC Heap History (20 events):
Event: 73.046 GC heap after
{Heap after GC invocations=364 (full 3):
 PSYoungGen      total 7168K, used 992K [0x00000000d5580000, 0x00000000d6080000, 0x0000000100000000)
  eden space 6144K, 0% used [0x00000000d5580000,0x00000000d5580000,0x00000000d5b80000)
  from space 1024K, 96% used [0x00000000d5b80000,0x00000000d5c780b0,0x00000000d5c80000)
  to   space 2560K, 0% used [0x00000000d5e00000,0x00000000d5e00000,0x00000000d6080000)
 ParOldGen       total 229888K, used 229695K [0x0000000080000000, 0x000000008e080000, 0x00000000d5580000)
  object space 229888K, 99% used [0x0000000080000000,0x000000008e04ff90,0x000000008e080000)
 Metaspace       used 73481K, committed 74944K, reserved 1114112K
  class space    used 9117K, committed 9792K, reserved 1048576K
}
Event: 73.056 GC heap before
{Heap before GC invocations=365 (full 3):
 PSYoungGen      total 7168K, used 7136K [0x00000000d5580000, 0x00000000d6080000, 0x0000000100000000)
  eden space 6144K, 100% used [0x00000000d5580000,0x00000000d5b80000,0x00000000d5b80000)
  from space 1024K, 96% used [0x00000000d5b80000,0x00000000d5c780b0,0x00000000d5c80000)
  to   space 2560K, 0% used [0x00000000d5e00000,0x00000000d5e00000,0x00000000d6080000)
 ParOldGen       total 229888K, used 229695K [0x0000000080000000, 0x000000008e080000, 0x00000000d5580000)
  object space 229888K, 99% used [0x0000000080000000,0x000000008e04ff90,0x000000008e080000)
 Metaspace       used 73482K, committed 74944K, reserved 1114112K
  class space    used 9117K, committed 9792K, reserved 1048576K
}
Event: 73.058 GC heap after
{Heap after GC invocations=365 (full 3):
 PSYoungGen      total 7680K, used 1244K [0x00000000d5580000, 0x00000000d5f80000, 0x0000000100000000)
  eden space 6144K, 0% used [0x00000000d5580000,0x00000000d5580000,0x00000000d5b80000)
  from space 1536K, 81% used [0x00000000d5e00000,0x00000000d5f37230,0x00000000d5f80000)
  to   space 1536K, 0% used [0x00000000d5c80000,0x00000000d5c80000,0x00000000d5e00000)
 ParOldGen       total 230912K, used 230550K [0x0000000080000000, 0x000000008e180000, 0x00000000d5580000)
  object space 230912K, 99% used [0x0000000080000000,0x000000008e125b90,0x000000008e180000)
 Metaspace       used 73482K, committed 74944K, reserved 1114112K
  class space    used 9117K, committed 9792K, reserved 1048576K
}
Event: 73.071 GC heap before
{Heap before GC invocations=366 (full 3):
 PSYoungGen      total 7680K, used 7388K [0x00000000d5580000, 0x00000000d5f80000, 0x0000000100000000)
  eden space 6144K, 100% used [0x00000000d5580000,0x00000000d5b80000,0x00000000d5b80000)
  from space 1536K, 81% used [0x00000000d5e00000,0x00000000d5f37230,0x00000000d5f80000)
  to   space 1536K, 0% used [0x00000000d5c80000,0x00000000d5c80000,0x00000000d5e00000)
 ParOldGen       total 230912K, used 230550K [0x0000000080000000, 0x000000008e180000, 0x00000000d5580000)
  object space 230912K, 99% used [0x0000000080000000,0x000000008e125b90,0x000000008e180000)
 Metaspace       used 73485K, committed 74944K, reserved 1114112K
  class space    used 9117K, committed 9792K, reserved 1048576K
}
Event: 73.073 GC heap after
{Heap after GC invocations=366 (full 3):
 PSYoungGen      total 7680K, used 1243K [0x00000000d5580000, 0x00000000d5e80000, 0x0000000100000000)
  eden space 6144K, 0% used [0x00000000d5580000,0x00000000d5580000,0x00000000d5b80000)
  from space 1536K, 80% used [0x00000000d5c80000,0x00000000d5db6c98,0x00000000d5e00000)
  to   space 512K, 0% used [0x00000000d5e00000,0x00000000d5e00000,0x00000000d5e80000)
 ParOldGen       total 231936K, used 231507K [0x0000000080000000, 0x000000008e280000, 0x00000000d5580000)
  object space 231936K, 99% used [0x0000000080000000,0x000000008e214d40,0x000000008e280000)
 Metaspace       used 73485K, committed 74944K, reserved 1114112K
  class space    used 9117K, committed 9792K, reserved 1048576K
}
Event: 73.085 GC heap before
{Heap before GC invocations=367 (full 3):
 PSYoungGen      total 7680K, used 7387K [0x00000000d5580000, 0x00000000d5e80000, 0x0000000100000000)
  eden space 6144K, 100% used [0x00000000d5580000,0x00000000d5b80000,0x00000000d5b80000)
  from space 1536K, 80% used [0x00000000d5c80000,0x00000000d5db6c98,0x00000000d5e00000)
  to   space 512K, 0% used [0x00000000d5e00000,0x00000000d5e00000,0x00000000d5e80000)
 ParOldGen       total 231936K, used 231507K [0x0000000080000000, 0x000000008e280000, 0x00000000d5580000)
  object space 231936K, 99% used [0x0000000080000000,0x000000008e214d40,0x000000008e280000)
 Metaspace       used 73488K, committed 74944K, reserved 1114112K
  class space    used 9117K, committed 9792K, reserved 1048576K
}
Event: 73.087 GC heap after
{Heap after GC invocations=367 (full 3):
 PSYoungGen      total 6656K, used 503K [0x00000000d5580000, 0x00000000d6080000, 0x0000000100000000)
  eden space 6144K, 0% used [0x00000000d5580000,0x00000000d5580000,0x00000000d5b80000)
  from space 512K, 98% used [0x00000000d5e00000,0x00000000d5e7dcd8,0x00000000d5e80000)
  to   space 2560K, 0% used [0x00000000d5b80000,0x00000000d5b80000,0x00000000d5e00000)
 ParOldGen       total 233472K, used 232972K [0x0000000080000000, 0x000000008e400000, 0x00000000d5580000)
  object space 233472K, 99% used [0x0000000080000000,0x000000008e3833a0,0x000000008e400000)
 Metaspace       used 73488K, committed 74944K, reserved 1114112K
  class space    used 9117K, committed 9792K, reserved 1048576K
}
Event: 73.100 GC heap before
{Heap before GC invocations=368 (full 3):
 PSYoungGen      total 6656K, used 6647K [0x00000000d5580000, 0x00000000d6080000, 0x0000000100000000)
  eden space 6144K, 100% used [0x00000000d5580000,0x00000000d5b80000,0x00000000d5b80000)
  from space 512K, 98% used [0x00000000d5e00000,0x00000000d5e7dcd8,0x00000000d5e80000)
  to   space 2560K, 0% used [0x00000000d5b80000,0x00000000d5b80000,0x00000000d5e00000)
 ParOldGen       total 233472K, used 232972K [0x0000000080000000, 0x000000008e400000, 0x00000000d5580000)
  object space 233472K, 99% used [0x0000000080000000,0x000000008e3833a0,0x000000008e400000)
 Metaspace       used 73488K, committed 74944K, reserved 1114112K
  class space    used 9117K, committed 9792K, reserved 1048576K
}
Event: 73.102 GC heap after
{Heap after GC invocations=368 (full 3):
 PSYoungGen      total 7680K, used 1202K [0x00000000d5580000, 0x00000000d5e80000, 0x0000000100000000)
  eden space 6144K, 0% used [0x00000000d5580000,0x00000000d5580000,0x00000000d5b80000)
  from space 1536K, 78% used [0x00000000d5b80000,0x00000000d5cac9c8,0x00000000d5d00000)
  to   space 1536K, 0% used [0x00000000d5d00000,0x00000000d5d00000,0x00000000d5e80000)
 ParOldGen       total 233984K, used 233495K [0x0000000080000000, 0x000000008e480000, 0x00000000d5580000)
  object space 233984K, 99% used [0x0000000080000000,0x000000008e405d98,0x000000008e480000)
 Metaspace       used 73488K, committed 74944K, reserved 1114112K
  class space    used 9117K, committed 9792K, reserved 1048576K
}
Event: 73.112 GC heap before
{Heap before GC invocations=369 (full 3):
 PSYoungGen      total 7680K, used 7346K [0x00000000d5580000, 0x00000000d5e80000, 0x0000000100000000)
  eden space 6144K, 100% used [0x00000000d5580000,0x00000000d5b80000,0x00000000d5b80000)
  from space 1536K, 78% used [0x00000000d5b80000,0x00000000d5cac9c8,0x00000000d5d00000)
  to   space 1536K, 0% used [0x00000000d5d00000,0x00000000d5d00000,0x00000000d5e80000)
 ParOldGen       total 233984K, used 233495K [0x0000000080000000, 0x000000008e480000, 0x00000000d5580000)
  object space 233984K, 99% used [0x0000000080000000,0x000000008e405d98,0x000000008e480000)
 Metaspace       used 73488K, committed 74944K, reserved 1114112K
  class space    used 9117K, committed 9792K, reserved 1048576K
}
Event: 73.114 GC heap after
{Heap after GC invocations=369 (full 3):
 PSYoungGen      total 7680K, used 1421K [0x00000000d5580000, 0x00000000d5e80000, 0x0000000100000000)
  eden space 6144K, 0% used [0x00000000d5580000,0x00000000d5580000,0x00000000d5b80000)
  from space 1536K, 92% used [0x00000000d5d00000,0x00000000d5e63760,0x00000000d5e80000)
  to   space 1536K, 0% used [0x00000000d5b80000,0x00000000d5b80000,0x00000000d5d00000)
 ParOldGen       total 234496K, used 234482K [0x0000000080000000, 0x000000008e500000, 0x00000000d5580000)
  object space 234496K, 99% used [0x0000000080000000,0x000000008e4fc828,0x000000008e500000)
 Metaspace       used 73488K, committed 74944K, reserved 1114112K
  class space    used 9117K, committed 9792K, reserved 1048576K
}
Event: 73.128 GC heap before
{Heap before GC invocations=370 (full 3):
 PSYoungGen      total 7680K, used 7552K [0x00000000d5580000, 0x00000000d5e80000, 0x0000000100000000)
  eden space 6144K, 99% used [0x00000000d5580000,0x00000000d5b7c998,0x00000000d5b80000)
  from space 1536K, 92% used [0x00000000d5d00000,0x00000000d5e63760,0x00000000d5e80000)
  to   space 1536K, 0% used [0x00000000d5b80000,0x00000000d5b80000,0x00000000d5d00000)
 ParOldGen       total 234496K, used 234482K [0x0000000080000000, 0x000000008e500000, 0x00000000d5580000)
  object space 234496K, 99% used [0x0000000080000000,0x000000008e4fc828,0x000000008e500000)
 Metaspace       used 73490K, committed 75008K, reserved 1114112K
  class space    used 9118K, committed 9856K, reserved 1048576K
}
Event: 73.130 GC heap after
{Heap after GC invocations=370 (full 3):
 PSYoungGen      total 7680K, used 1185K [0x00000000d5580000, 0x00000000d5e80000, 0x0000000100000000)
  eden space 6144K, 0% used [0x00000000d5580000,0x00000000d5580000,0x00000000d5b80000)
  from space 1536K, 77% used [0x00000000d5b80000,0x00000000d5ca86e8,0x00000000d5d00000)
  to   space 1536K, 0% used [0x00000000d5d00000,0x00000000d5d00000,0x00000000d5e80000)
 ParOldGen       total 235520K, used 235510K [0x0000000080000000, 0x000000008e600000, 0x00000000d5580000)
  object space 235520K, 99% used [0x0000000080000000,0x000000008e5fd828,0x000000008e600000)
 Metaspace       used 73490K, committed 75008K, reserved 1114112K
  class space    used 9118K, committed 9856K, reserved 1048576K
}
Event: 73.143 GC heap before
{Heap before GC invocations=371 (full 3):
 PSYoungGen      total 7680K, used 7283K [0x00000000d5580000, 0x00000000d5e80000, 0x0000000100000000)
  eden space 6144K, 99% used [0x00000000d5580000,0x00000000d5b74608,0x00000000d5b80000)
  from space 1536K, 77% used [0x00000000d5b80000,0x00000000d5ca86e8,0x00000000d5d00000)
  to   space 1536K, 0% used [0x00000000d5d00000,0x00000000d5d00000,0x00000000d5e80000)
 ParOldGen       total 235520K, used 235510K [0x0000000080000000, 0x000000008e600000, 0x00000000d5580000)
  object space 235520K, 99% used [0x0000000080000000,0x000000008e5fd828,0x000000008e600000)
 Metaspace       used 73490K, committed 75008K, reserved 1114112K
  class space    used 9118K, committed 9856K, reserved 1048576K
}
Event: 73.145 GC heap after
{Heap after GC invocations=371 (full 3):
 PSYoungGen      total 7680K, used 1128K [0x00000000d5580000, 0x00000000d5e80000, 0x0000000100000000)
  eden space 6144K, 0% used [0x00000000d5580000,0x00000000d5580000,0x00000000d5b80000)
  from space 1536K, 73% used [0x00000000d5d00000,0x00000000d5e1a288,0x00000000d5e80000)
  to   space 1536K, 0% used [0x00000000d5b80000,0x00000000d5b80000,0x00000000d5d00000)
 ParOldGen       total 236544K, used 236514K [0x0000000080000000, 0x000000008e700000, 0x00000000d5580000)
  object space 236544K, 99% used [0x0000000080000000,0x000000008e6f8a78,0x000000008e700000)
 Metaspace       used 73490K, committed 75008K, reserved 1114112K
  class space    used 9118K, committed 9856K, reserved 1048576K
}
Event: 73.157 GC heap before
{Heap before GC invocations=372 (full 3):
 PSYoungGen      total 7680K, used 7272K [0x00000000d5580000, 0x00000000d5e80000, 0x0000000100000000)
  eden space 6144K, 100% used [0x00000000d5580000,0x00000000d5b80000,0x00000000d5b80000)
  from space 1536K, 73% used [0x00000000d5d00000,0x00000000d5e1a288,0x00000000d5e80000)
  to   space 1536K, 0% used [0x00000000d5b80000,0x00000000d5b80000,0x00000000d5d00000)
 ParOldGen       total 236544K, used 236514K [0x0000000080000000, 0x000000008e700000, 0x00000000d5580000)
  object space 236544K, 99% used [0x0000000080000000,0x000000008e6f8a78,0x000000008e700000)
 Metaspace       used 73492K, committed 75008K, reserved 1114112K
  class space    used 9118K, committed 9856K, reserved 1048576K
}
Event: 73.159 GC heap after
{Heap after GC invocations=372 (full 3):
 PSYoungGen      total 7680K, used 1149K [0x00000000d5580000, 0x00000000d5e80000, 0x0000000100000000)
  eden space 6144K, 0% used [0x00000000d5580000,0x00000000d5580000,0x00000000d5b80000)
  from space 1536K, 74% used [0x00000000d5b80000,0x00000000d5c9f620,0x00000000d5d00000)
  to   space 1536K, 0% used [0x00000000d5d00000,0x00000000d5d00000,0x00000000d5e80000)
 ParOldGen       total 237568K, used 237461K [0x0000000080000000, 0x000000008e800000, 0x00000000d5580000)
  object space 237568K, 99% used [0x0000000080000000,0x000000008e7e56d8,0x000000008e800000)
 Metaspace       used 73492K, committed 75008K, reserved 1114112K
  class space    used 9118K, committed 9856K, reserved 1048576K
}
Event: 73.173 GC heap before
{Heap before GC invocations=373 (full 3):
 PSYoungGen      total 7680K, used 7293K [0x00000000d5580000, 0x00000000d5e80000, 0x0000000100000000)
  eden space 6144K, 100% used [0x00000000d5580000,0x00000000d5b80000,0x00000000d5b80000)
  from space 1536K, 74% used [0x00000000d5b80000,0x00000000d5c9f620,0x00000000d5d00000)
  to   space 1536K, 0% used [0x00000000d5d00000,0x00000000d5d00000,0x00000000d5e80000)
 ParOldGen       total 237568K, used 237461K [0x0000000080000000, 0x000000008e800000, 0x00000000d5580000)
  object space 237568K, 99% used [0x0000000080000000,0x000000008e7e56d8,0x000000008e800000)
 Metaspace       used 73496K, committed 75008K, reserved 1114112K
  class space    used 9119K, committed 9856K, reserved 1048576K
}
Event: 73.175 GC heap after
{Heap after GC invocations=373 (full 3):
 PSYoungGen      total 7680K, used 1319K [0x00000000d5580000, 0x00000000d5e80000, 0x0000000100000000)
  eden space 6144K, 0% used [0x00000000d5580000,0x00000000d5580000,0x00000000d5b80000)
  from space 1536K, 85% used [0x00000000d5d00000,0x00000000d5e49e08,0x00000000d5e80000)
  to   space 1536K, 0% used [0x00000000d5b80000,0x00000000d5b80000,0x00000000d5d00000)
 ParOldGen       total 238592K, used 238483K [0x0000000080000000, 0x000000008e900000, 0x00000000d5580000)
  object space 238592K, 99% used [0x0000000080000000,0x000000008e8e4e08,0x000000008e900000)
 Metaspace       used 73496K, committed 75008K, reserved 1114112K
  class space    used 9119K, committed 9856K, reserved 1048576K
}
Event: 73.189 GC heap before
{Heap before GC invocations=374 (full 3):
 PSYoungGen      total 7680K, used 7463K [0x00000000d5580000, 0x00000000d5e80000, 0x0000000100000000)
  eden space 6144K, 100% used [0x00000000d5580000,0x00000000d5b80000,0x00000000d5b80000)
  from space 1536K, 85% used [0x00000000d5d00000,0x00000000d5e49e08,0x00000000d5e80000)
  to   space 1536K, 0% used [0x00000000d5b80000,0x00000000d5b80000,0x00000000d5d00000)
 ParOldGen       total 238592K, used 238483K [0x0000000080000000, 0x000000008e900000, 0x00000000d5580000)
  object space 238592K, 99% used [0x0000000080000000,0x000000008e8e4e08,0x000000008e900000)
 Metaspace       used 73498K, committed 75008K, reserved 1114112K
  class space    used 9119K, committed 9856K, reserved 1048576K
}

Dll operation events (15 events):
Event: 0.009 Loaded shared library c:\Users\yg638\.vscode\extensions\redhat.java-1.46.0-win32-x64\jre\21.0.8-win32-x86_64\bin\java.dll
Event: 0.059 Loaded shared library c:\Users\yg638\.vscode\extensions\redhat.java-1.46.0-win32-x64\jre\21.0.8-win32-x86_64\bin\zip.dll
Event: 0.079 Loaded shared library C:\Users\yg638\.vscode\extensions\redhat.java-1.46.0-win32-x64\jre\21.0.8-win32-x86_64\bin\instrument.dll
Event: 0.083 Loaded shared library C:\Users\yg638\.vscode\extensions\redhat.java-1.46.0-win32-x64\jre\21.0.8-win32-x86_64\bin\net.dll
Event: 0.086 Loaded shared library C:\Users\yg638\.vscode\extensions\redhat.java-1.46.0-win32-x64\jre\21.0.8-win32-x86_64\bin\nio.dll
Event: 0.089 Loaded shared library C:\Users\yg638\.vscode\extensions\redhat.java-1.46.0-win32-x64\jre\21.0.8-win32-x86_64\bin\zip.dll
Event: 0.107 Loaded shared library C:\Users\yg638\.vscode\extensions\redhat.java-1.46.0-win32-x64\jre\21.0.8-win32-x86_64\bin\jimage.dll
Event: 0.177 Loaded shared library c:\Users\yg638\.vscode\extensions\redhat.java-1.46.0-win32-x64\jre\21.0.8-win32-x86_64\bin\verify.dll
Event: 6.629 Loaded shared library C:\Users\yg638\AppData\Roaming\Code\User\globalStorage\redhat.java\1.46.0\config_win\org.eclipse.equinox.launcher\org.eclipse.equinox.launcher.win32.win32.x86_64_1.2.1400.v20250801-0854\eclipse_11916.dll
Event: 17.289 Loaded shared library C:\Users\yg638\.vscode\extensions\redhat.java-1.46.0-win32-x64\jre\21.0.8-win32-x86_64\bin\management.dll
Event: 17.291 Loaded shared library C:\Users\yg638\.vscode\extensions\redhat.java-1.46.0-win32-x64\jre\21.0.8-win32-x86_64\bin\management_ext.dll
Event: 18.634 Loaded shared library C:\Users\yg638\AppData\Local\Temp\jna-114868045\jna13762586656283725467.dll
Event: 18.798 Loaded shared library C:\Users\yg638\.vscode\extensions\redhat.java-1.46.0-win32-x64\jre\21.0.8-win32-x86_64\bin\sunmscapi.dll
Event: 19.390 Loaded shared library C:\Users\yg638\.vscode\extensions\redhat.java-1.46.0-win32-x64\jre\21.0.8-win32-x86_64\bin\extnet.dll
Event: 25.150 Loaded shared library C:\Users\yg638\.gradle\native\1def1411415f61bf3af743bc5b6707747c0891f09f0c88961ee8f79bc544acac\windows-amd64\native-platform.dll

Deoptimization events (20 events):
Event: 72.808 Thread 0x000001f27f7e9590 Uncommon trap: trap_request=0xffffffbe fr.pc=0x000001f23115ddb4 relative=0x0000000000001954
Event: 72.808 Thread 0x000001f27f7e9590 Uncommon trap: reason=profile_predicate action=maybe_recompile pc=0x000001f23115ddb4 method=org.eclipse.core.internal.dtree.AbstractDataTreeNode.assembleWith([Lorg/eclipse/core/internal/dtree/AbstractDataTreeNode;[Lorg/eclipse/core/internal/dtree/Abstract
Event: 72.808 Thread 0x000001f27f7e9590 DEOPT PACKING pc=0x000001f23115ddb4 sp=0x00000030d3efe140
Event: 72.808 Thread 0x000001f27f7e9590 DEOPT UNPACKING pc=0x000001f230243aa2 sp=0x00000030d3efe108 mode 2
Event: 72.813 Thread 0x000001f27f7e8870 DEOPT PACKING pc=0x000001f22a0fbda2 sp=0x00000030d35fe9c0
Event: 72.813 Thread 0x000001f27f7e8870 DEOPT UNPACKING pc=0x000001f230244242 sp=0x00000030d35fdf38 mode 0
Event: 72.878 Thread 0x000001f27f7e9590 DEOPT PACKING pc=0x000001f22a16b7f9 sp=0x00000030d3efeb00
Event: 72.878 Thread 0x000001f27f7e9590 DEOPT UNPACKING pc=0x000001f230244242 sp=0x00000030d3efe008 mode 0
Event: 73.042 Thread 0x000001f27f7e8870 Uncommon trap: trap_request=0xffffff45 fr.pc=0x000001f2310a6b7c relative=0x0000000000000e3c
Event: 73.042 Thread 0x000001f27f7e8870 Uncommon trap: reason=unstable_if action=reinterpret pc=0x000001f2310a6b7c method=org.eclipse.jdt.internal.compiler.classfmt.FieldInfo.createField([B[IIJ)Lorg/eclipse/jdt/internal/compiler/classfmt/FieldInfo; @ 167 c2
Event: 73.042 Thread 0x000001f27f7e8870 DEOPT PACKING pc=0x000001f2310a6b7c sp=0x00000030d35fea30
Event: 73.042 Thread 0x000001f27f7e8870 DEOPT UNPACKING pc=0x000001f230243aa2 sp=0x00000030d35fe998 mode 2
Event: 73.120 Thread 0x000001f27f7e9590 Uncommon trap: trap_request=0xffffffde fr.pc=0x000001f230f2c1d8 relative=0x0000000000001078
Event: 73.120 Thread 0x000001f27f7e9590 Uncommon trap: reason=class_check action=maybe_recompile pc=0x000001f230f2c1d8 method=org.eclipse.core.internal.localstore.UnifiedTree.getWorkspace()Lorg/eclipse/core/internal/resources/Workspace; @ 4 c2
Event: 73.120 Thread 0x000001f27f7e9590 DEOPT PACKING pc=0x000001f230f2c1d8 sp=0x00000030d3efecb0
Event: 73.120 Thread 0x000001f27f7e9590 DEOPT UNPACKING pc=0x000001f230243aa2 sp=0x00000030d3efec10 mode 2
Event: 73.170 Thread 0x000001f27f7e8f00 Uncommon trap: trap_request=0xffffffde fr.pc=0x000001f23097fb30 relative=0x00000000000004d0
Event: 73.170 Thread 0x000001f27f7e8f00 Uncommon trap: reason=class_check action=maybe_recompile pc=0x000001f23097fb30 method=java.util.AbstractMap.hashCode()I @ 3 c2
Event: 73.170 Thread 0x000001f27f7e8f00 DEOPT PACKING pc=0x000001f23097fb30 sp=0x00000030d33fedd0
Event: 73.170 Thread 0x000001f27f7e8f00 DEOPT UNPACKING pc=0x000001f230243aa2 sp=0x00000030d33fed78 mode 2

Classes loaded (20 events):
Event: 72.475 Loading class java/util/Collections$SynchronizedList done
Event: 72.475 Loading class java/util/Collections$SynchronizedRandomAccessList done
Event: 72.489 Loading class java/util/concurrent/ForkJoinTask$AdaptedCallable
Event: 72.489 Loading class java/util/concurrent/ForkJoinTask$AdaptedCallable done
Event: 72.495 Loading class java/util/stream/Nodes$CollectorTask$OfRef
Event: 72.495 Loading class java/util/stream/Nodes$CollectorTask
Event: 72.496 Loading class java/util/stream/Nodes$CollectorTask done
Event: 72.496 Loading class java/util/stream/Nodes$CollectorTask$OfRef done
Event: 72.496 Loading class java/util/function/LongFunction
Event: 72.497 Loading class java/util/function/LongFunction done
Event: 72.497 Loading class java/util/stream/Nodes$ConcNode
Event: 72.497 Loading class java/util/stream/Nodes$AbstractConcNode
Event: 72.497 Loading class java/util/stream/Nodes$AbstractConcNode done
Event: 72.497 Loading class java/util/stream/Nodes$ConcNode done
Event: 72.578 Loading class java/util/concurrent/CompletableFuture$Signaller
Event: 72.579 Loading class java/util/concurrent/CompletableFuture$Signaller done
Event: 72.668 Loading class java/util/regex/PatternSyntaxException
Event: 72.668 Loading class java/util/regex/PatternSyntaxException done
Event: 73.171 Loading class java/security/DigestInputStream
Event: 73.171 Loading class java/security/DigestInputStream done

Classes unloaded (20 events):
Event: 17.806 Thread 0x000001f225b8ea00 Unloading class 0x000001f23e1b5000 'java/lang/invoke/LambdaForm$MH+0x000001f23e1b5000'
Event: 17.806 Thread 0x000001f225b8ea00 Unloading class 0x000001f23e1b4c00 'java/lang/invoke/LambdaForm$MH+0x000001f23e1b4c00'
Event: 17.806 Thread 0x000001f225b8ea00 Unloading class 0x000001f23e1b4800 'java/lang/invoke/LambdaForm$MH+0x000001f23e1b4800'
Event: 17.806 Thread 0x000001f225b8ea00 Unloading class 0x000001f23e1b4400 'java/lang/invoke/LambdaForm$MH+0x000001f23e1b4400'
Event: 17.806 Thread 0x000001f225b8ea00 Unloading class 0x000001f23e1b4000 'java/lang/invoke/LambdaForm$BMH+0x000001f23e1b4000'
Event: 17.806 Thread 0x000001f225b8ea00 Unloading class 0x000001f23e1b3c00 'java/lang/invoke/LambdaForm$DMH+0x000001f23e1b3c00'
Event: 17.806 Thread 0x000001f225b8ea00 Unloading class 0x000001f23e1b2800 'java/lang/invoke/LambdaForm$DMH+0x000001f23e1b2800'
Event: 19.080 Thread 0x000001f225b8ea00 Unloading class 0x000001f23e322000 'java/lang/invoke/LambdaForm$MH+0x000001f23e322000'
Event: 19.080 Thread 0x000001f225b8ea00 Unloading class 0x000001f23e321000 'java/lang/invoke/LambdaForm$MH+0x000001f23e321000'
Event: 19.080 Thread 0x000001f225b8ea00 Unloading class 0x000001f23e320800 'java/lang/invoke/LambdaForm$MH+0x000001f23e320800'
Event: 19.080 Thread 0x000001f225b8ea00 Unloading class 0x000001f23e320400 'java/lang/invoke/LambdaForm$DMH+0x000001f23e320400'
Event: 19.080 Thread 0x000001f225b8ea00 Unloading class 0x000001f23e31c400 'java/lang/invoke/LambdaForm$MH+0x000001f23e31c400'
Event: 19.080 Thread 0x000001f225b8ea00 Unloading class 0x000001f23e31bc00 'java/lang/invoke/LambdaForm$MH+0x000001f23e31bc00'
Event: 19.080 Thread 0x000001f225b8ea00 Unloading class 0x000001f23e31b400 'java/lang/invoke/LambdaForm$MH+0x000001f23e31b400'
Event: 19.080 Thread 0x000001f225b8ea00 Unloading class 0x000001f23e31ac00 'java/lang/invoke/LambdaForm$MH+0x000001f23e31ac00'
Event: 19.080 Thread 0x000001f225b8ea00 Unloading class 0x000001f23e31a400 'java/lang/invoke/LambdaForm$MH+0x000001f23e31a400'
Event: 19.080 Thread 0x000001f225b8ea00 Unloading class 0x000001f23e319c00 'java/lang/invoke/LambdaForm$MH+0x000001f23e319c00'
Event: 19.080 Thread 0x000001f225b8ea00 Unloading class 0x000001f23e319400 'java/lang/invoke/LambdaForm$MH+0x000001f23e319400'
Event: 19.080 Thread 0x000001f225b8ea00 Unloading class 0x000001f23e319000 'java/lang/invoke/LambdaForm$MH+0x000001f23e319000'
Event: 19.080 Thread 0x000001f225b8ea00 Unloading class 0x000001f23e318400 'java/lang/invoke/LambdaForm$DMH+0x000001f23e318400'

Classes redefined (0 events):
No events

Internal exceptions (20 events):
Event: 69.618 Thread 0x000001f27f7e8870 Exception <a 'java/lang/NoSuchMethodError'{0x00000000d5740d18}: 'java.lang.Object java.lang.invoke.DelegatingMethodHandle$Holder.reinvoke_L(java.lang.Object, int, long, java.lang.Object, java.lang.Object, int, java.lang.Object)'> (0x00000000d5740d18) 
thrown [s\src\hotspot\share\interpreter\linkResolver.cpp, line 773]
Event: 70.021 Thread 0x000001f27f7e8870 Implicit null exception at 0x000001f230ff3069 to 0x000001f230ff323c
Event: 71.691 Thread 0x000001f27f7e8870 Implicit null exception at 0x000001f2310c4467 to 0x000001f2310cb314
Event: 72.403 Thread 0x000001f20887eaa0 Implicit null exception at 0x000001f230f79ec5 to 0x000001f230f7adc4
Event: 72.445 Thread 0x000001f27f7e9590 Exception <a 'sun/nio/fs/WindowsException'{0x00000000d5745270}> (0x00000000d5745270) 
thrown [s\src\hotspot\share\prims\jni.cpp, line 520]
Event: 72.453 Thread 0x000001f27f7e9590 Exception <a 'sun/nio/fs/WindowsException'{0x00000000d56fb370}> (0x00000000d56fb370) 
thrown [s\src\hotspot\share\prims\jni.cpp, line 520]
Event: 72.464 Thread 0x000001f27f7e9590 Exception <a 'sun/nio/fs/WindowsException'{0x00000000d56f6548}> (0x00000000d56f6548) 
thrown [s\src\hotspot\share\prims\jni.cpp, line 520]
Event: 72.464 Thread 0x000001f27f7e9590 Exception <a 'sun/nio/fs/WindowsException'{0x00000000d57360b0}> (0x00000000d57360b0) 
thrown [s\src\hotspot\share\prims\jni.cpp, line 520]
Event: 72.480 Thread 0x000001f20887e410 Implicit null exception at 0x000001f230f650e2 to 0x000001f230f651e4
Event: 72.503 Thread 0x000001f20887e410 Implicit null exception at 0x000001f230b7cc80 to 0x000001f230b7d084
Event: 72.503 Thread 0x000001f20887e410 Exception <a 'sun/nio/fs/WindowsException'{0x00000000d5595740}> (0x00000000d5595740) 
thrown [s\src\hotspot\share\prims\jni.cpp, line 520]
Event: 72.504 Thread 0x000001f20887e410 Exception <a 'sun/nio/fs/WindowsException'{0x00000000d56a51f0}> (0x00000000d56a51f0) 
thrown [s\src\hotspot\share\prims\jni.cpp, line 520]
Event: 72.505 Thread 0x000001f20887e410 Exception <a 'sun/nio/fs/WindowsException'{0x00000000d56bce30}> (0x00000000d56bce30) 
thrown [s\src\hotspot\share\prims\jni.cpp, line 520]
Event: 72.505 Thread 0x000001f20887e410 Exception <a 'sun/nio/fs/WindowsException'{0x00000000d56c9368}> (0x00000000d56c9368) 
thrown [s\src\hotspot\share\prims\jni.cpp, line 520]
Event: 72.518 Thread 0x000001f27f7ed730 Exception <a 'sun/nio/fs/WindowsException'{0x00000000d56e1f70}> (0x00000000d56e1f70) 
thrown [s\src\hotspot\share\prims\jni.cpp, line 520]
Event: 72.518 Thread 0x000001f27f7ed730 Exception <a 'sun/nio/fs/WindowsException'{0x00000000d56f9a38}> (0x00000000d56f9a38) 
thrown [s\src\hotspot\share\prims\jni.cpp, line 520]
Event: 72.570 Thread 0x000001f27f7ed730 Exception <a 'java/lang/NoSuchMethodError'{0x00000000d57bc5d8}: 'java.lang.Object java.lang.invoke.DirectMethodHandle$Holder.newInvokeSpecial(java.lang.Object, java.lang.Object, java.lang.Object, java.lang.Object, java.lang.Object, java.lang.Object, java.lang.Object, java.lang.Object)'> (0x00000000d57bc5d8) 
thrown [s\src\hotspot\share\interpreter\linkResolver.cpp, line 773]
Event: 72.588 Thread 0x000001f27f7ed730 Exception <a 'sun/nio/fs/WindowsException'{0x00000000d55ef2c0}> (0x00000000d55ef2c0) 
thrown [s\src\hotspot\share\prims\jni.cpp, line 520]
Event: 72.588 Thread 0x000001f27f7ed730 Exception <a 'sun/nio/fs/WindowsException'{0x00000000d5675208}> (0x00000000d5675208) 
thrown [s\src\hotspot\share\prims\jni.cpp, line 520]
Event: 72.896 Thread 0x000001f20887e410 Exception <a 'java/lang/IncompatibleClassChangeError'{0x00000000d566c3b8}: Found class java.lang.Object, but interface was expected> (0x00000000d566c3b8) 
thrown [s\src\hotspot\share\interpreter\linkResolver.cpp, line 840]

ZGC Phase Switch (0 events):
No events

VM Operations (20 events):
Event: 73.046 Executing VM operation: ParallelGCFailedAllocation (Allocation Failure) done
Event: 73.056 Executing VM operation: ParallelGCFailedAllocation (Allocation Failure)
Event: 73.058 Executing VM operation: ParallelGCFailedAllocation (Allocation Failure) done
Event: 73.071 Executing VM operation: ParallelGCFailedAllocation (Allocation Failure)
Event: 73.073 Executing VM operation: ParallelGCFailedAllocation (Allocation Failure) done
Event: 73.085 Executing VM operation: ParallelGCFailedAllocation (Allocation Failure)
Event: 73.087 Executing VM operation: ParallelGCFailedAllocation (Allocation Failure) done
Event: 73.100 Executing VM operation: ParallelGCFailedAllocation (Allocation Failure)
Event: 73.102 Executing VM operation: ParallelGCFailedAllocation (Allocation Failure) done
Event: 73.112 Executing VM operation: ParallelGCFailedAllocation (Allocation Failure)
Event: 73.114 Executing VM operation: ParallelGCFailedAllocation (Allocation Failure) done
Event: 73.128 Executing VM operation: ParallelGCFailedAllocation (Allocation Failure)
Event: 73.130 Executing VM operation: ParallelGCFailedAllocation (Allocation Failure) done
Event: 73.143 Executing VM operation: ParallelGCFailedAllocation (Allocation Failure)
Event: 73.145 Executing VM operation: ParallelGCFailedAllocation (Allocation Failure) done
Event: 73.157 Executing VM operation: ParallelGCFailedAllocation (Allocation Failure)
Event: 73.159 Executing VM operation: ParallelGCFailedAllocation (Allocation Failure) done
Event: 73.173 Executing VM operation: ParallelGCFailedAllocation (Allocation Failure)
Event: 73.175 Executing VM operation: ParallelGCFailedAllocation (Allocation Failure) done
Event: 73.189 Executing VM operation: ParallelGCFailedAllocation (Allocation Failure)

Memory protections (0 events):
No events

Nmethod flushes (20 events):
Event: 30.898 Thread 0x000001f225b8ea00 flushing  nmethod 0x000001f229589490
Event: 30.898 Thread 0x000001f225b8ea00 flushing osr nmethod 0x000001f2295dcd90
Event: 30.898 Thread 0x000001f225b8ea00 flushing  nmethod 0x000001f2295f4f90
Event: 30.898 Thread 0x000001f225b8ea00 flushing  nmethod 0x000001f2295f5910
Event: 30.898 Thread 0x000001f225b8ea00 flushing  nmethod 0x000001f2295f6810
Event: 30.898 Thread 0x000001f225b8ea00 flushing  nmethod 0x000001f2295f6b90
Event: 30.898 Thread 0x000001f225b8ea00 flushing  nmethod 0x000001f2295fe510
Event: 30.898 Thread 0x000001f225b8ea00 flushing  nmethod 0x000001f22962bf90
Event: 30.898 Thread 0x000001f225b8ea00 flushing  nmethod 0x000001f22962fc90
Event: 30.898 Thread 0x000001f225b8ea00 flushing  nmethod 0x000001f229633510
Event: 30.898 Thread 0x000001f225b8ea00 flushing  nmethod 0x000001f229638690
Event: 30.898 Thread 0x000001f225b8ea00 flushing  nmethod 0x000001f229639190
Event: 30.898 Thread 0x000001f225b8ea00 flushing  nmethod 0x000001f229639510
Event: 30.898 Thread 0x000001f225b8ea00 flushing  nmethod 0x000001f229639b10
Event: 30.898 Thread 0x000001f225b8ea00 flushing  nmethod 0x000001f229639f90
Event: 30.898 Thread 0x000001f225b8ea00 flushing  nmethod 0x000001f22963bd10
Event: 30.898 Thread 0x000001f225b8ea00 flushing  nmethod 0x000001f229644c90
Event: 30.898 Thread 0x000001f225b8ea00 flushing  nmethod 0x000001f229654f90
Event: 30.898 Thread 0x000001f225b8ea00 flushing  nmethod 0x000001f22966eb10
Event: 30.898 Thread 0x000001f225b8ea00 flushing  nmethod 0x000001f229684890

Events (20 events):
Event: 68.850 Thread 0x000001f27f497fe0 Thread added: 0x000001f20492b7a0
Event: 68.983 Thread 0x000001f27f7ed730 Thread added: 0x000001f20887fe50
Event: 69.235 Thread 0x000001f20492b7a0 Thread exited: 0x000001f20492b7a0
Event: 69.330 Thread 0x000001f27f46c720 Thread added: 0x000001f20492b7a0
Event: 69.348 Thread 0x000001f27f7e8f00 Thread added: 0x000001f20887c9d0
Event: 69.348 Thread 0x000001f20887c9d0 Thread exited: 0x000001f20887c9d0
Event: 69.429 Thread 0x000001f27f497fe0 Thread added: 0x000001f204929c60
Event: 70.928 Thread 0x000001f27f7e8f00 Thread added: 0x000001f20887c9d0
Event: 70.928 Thread 0x000001f20887c9d0 Thread exited: 0x000001f20887c9d0
Event: 71.954 Thread 0x000001f27f7e8f00 Thread added: 0x000001f20887c9d0
Event: 71.955 Thread 0x000001f20887c9d0 Thread exited: 0x000001f20887c9d0
Event: 72.340 Thread 0x000001f27f7e8f00 Thread added: 0x000001f208880b70
Event: 72.341 Thread 0x000001f208880b70 Thread exited: 0x000001f208880b70
Event: 72.403 Thread 0x000001f20887f7c0 Thread exited: 0x000001f20887f7c0
Event: 72.404 Thread 0x000001f20887eaa0 Thread exited: 0x000001f20887eaa0
Event: 72.491 Thread 0x000001f27f7ed730 Thread added: 0x000001f20887f7c0
Event: 72.498 Thread 0x000001f20887f7c0 Thread exited: 0x000001f20887f7c0
Event: 72.521 Thread 0x000001f27f7ed730 Thread added: 0x000001f20887f7c0
Event: 72.526 Thread 0x000001f20887f7c0 Thread exited: 0x000001f20887f7c0
Event: 72.659 Thread 0x000001f20887fe50 Thread added: 0x000001f2088804e0


Dynamic libraries:
0x00007ff661360000 - 0x00007ff66136e000 	c:\Users\yg638\.vscode\extensions\redhat.java-1.46.0-win32-x64\jre\21.0.8-win32-x86_64\bin\java.exe
0x00007ffe23820000 - 0x00007ffe23a88000 	C:\WINDOWS\SYSTEM32\ntdll.dll
0x00007ffe221f0000 - 0x00007ffe222b9000 	C:\WINDOWS\System32\KERNEL32.DLL
0x00007ffe20dc0000 - 0x00007ffe211b2000 	C:\WINDOWS\System32\KERNELBASE.dll
0x00007ffe21330000 - 0x00007ffe2147b000 	C:\WINDOWS\System32\ucrtbase.dll
0x00007ffda2100000 - 0x00007ffda211e000 	c:\Users\yg638\.vscode\extensions\redhat.java-1.46.0-win32-x64\jre\21.0.8-win32-x86_64\bin\VCRUNTIME140.dll
0x00007ffda42c0000 - 0x00007ffda42d8000 	c:\Users\yg638\.vscode\extensions\redhat.java-1.46.0-win32-x64\jre\21.0.8-win32-x86_64\bin\jli.dll
0x00007ffe215f0000 - 0x00007ffe217b5000 	C:\WINDOWS\System32\USER32.dll
0x00007ffe21530000 - 0x00007ffe21557000 	C:\WINDOWS\System32\win32u.dll
0x00007ffe06890000 - 0x00007ffe06b23000 	C:\WINDOWS\WinSxS\amd64_microsoft.windows.common-controls_6595b64144ccf1df_6.0.26100.6899_none_3e0efeeae32e88c1\COMCTL32.dll
0x00007ffe228d0000 - 0x00007ffe228fb000 	C:\WINDOWS\System32\GDI32.dll
0x00007ffe209b0000 - 0x00007ffe20add000 	C:\WINDOWS\System32\gdi32full.dll
0x00007ffe22ef0000 - 0x00007ffe22f99000 	C:\WINDOWS\System32\msvcrt.dll
0x00007ffe21480000 - 0x00007ffe21523000 	C:\WINDOWS\System32\msvcp_win.dll
0x00007ffe22640000 - 0x00007ffe2266f000 	C:\WINDOWS\System32\IMM32.DLL
0x00007ffe1cba0000 - 0x00007ffe1cbac000 	c:\Users\yg638\.vscode\extensions\redhat.java-1.46.0-win32-x64\jre\21.0.8-win32-x86_64\bin\vcruntime140_1.dll
0x00007ffd81f20000 - 0x00007ffd81fad000 	c:\Users\yg638\.vscode\extensions\redhat.java-1.46.0-win32-x64\jre\21.0.8-win32-x86_64\bin\msvcp140.dll
0x00007ffd5e800000 - 0x00007ffd5f597000 	c:\Users\yg638\.vscode\extensions\redhat.java-1.46.0-win32-x64\jre\21.0.8-win32-x86_64\bin\server\jvm.dll
0x00007ffe22060000 - 0x00007ffe22114000 	C:\WINDOWS\System32\ADVAPI32.dll
0x00007ffe22130000 - 0x00007ffe221d6000 	C:\WINDOWS\System32\sechost.dll
0x00007ffe227a0000 - 0x00007ffe228b8000 	C:\WINDOWS\System32\RPCRT4.dll
0x00007ffe21e40000 - 0x00007ffe21eb4000 	C:\WINDOWS\System32\WS2_32.dll
0x00007ffe20830000 - 0x00007ffe2088e000 	C:\WINDOWS\SYSTEM32\POWRPROF.dll
0x00007ffe19360000 - 0x00007ffe19395000 	C:\WINDOWS\SYSTEM32\WINMM.dll
0x00007ffe193a0000 - 0x00007ffe193ab000 	C:\WINDOWS\SYSTEM32\VERSION.dll
0x00007ffe20810000 - 0x00007ffe20824000 	C:\WINDOWS\SYSTEM32\UMPDC.dll
0x00007ffe1f780000 - 0x00007ffe1f79b000 	C:\WINDOWS\SYSTEM32\kernel.appcore.dll
0x00007ffdf08d0000 - 0x00007ffdf08da000 	c:\Users\yg638\.vscode\extensions\redhat.java-1.46.0-win32-x64\jre\21.0.8-win32-x86_64\bin\jimage.dll
0x00007ffe1dde0000 - 0x00007ffe1e022000 	C:\WINDOWS\SYSTEM32\DBGHELP.DLL
0x00007ffe21a30000 - 0x00007ffe21dab000 	C:\WINDOWS\System32\combase.dll
0x00007ffe21ec0000 - 0x00007ffe21f97000 	C:\WINDOWS\System32\OLEAUT32.dll
0x00007ffe03070000 - 0x00007ffe030ac000 	C:\WINDOWS\SYSTEM32\dbgcore.DLL
0x00007ffe20ba0000 - 0x00007ffe20c38000 	C:\WINDOWS\System32\bcryptPrimitives.dll
0x00007ffde57f0000 - 0x00007ffde57ff000 	c:\Users\yg638\.vscode\extensions\redhat.java-1.46.0-win32-x64\jre\21.0.8-win32-x86_64\bin\instrument.dll
0x00007ffda1f10000 - 0x00007ffda1f2f000 	c:\Users\yg638\.vscode\extensions\redhat.java-1.46.0-win32-x64\jre\21.0.8-win32-x86_64\bin\java.dll
0x00007ffe23010000 - 0x00007ffe2375d000 	C:\WINDOWS\System32\SHELL32.dll
0x00007ffe211c0000 - 0x00007ffe2132b000 	C:\WINDOWS\System32\wintypes.dll
0x00007ffe1e5f0000 - 0x00007ffe1ee4d000 	C:\WINDOWS\SYSTEM32\windows.storage.dll
0x00007ffe226a0000 - 0x00007ffe22792000 	C:\WINDOWS\System32\SHCORE.dll
0x00007ffe22fa0000 - 0x00007ffe23002000 	C:\WINDOWS\System32\shlwapi.dll
0x00007ffe208d0000 - 0x00007ffe208f9000 	C:\WINDOWS\SYSTEM32\profapi.dll
0x00007ffda10c0000 - 0x00007ffda10d8000 	c:\Users\yg638\.vscode\extensions\redhat.java-1.46.0-win32-x64\jre\21.0.8-win32-x86_64\bin\zip.dll
0x00007ffde6330000 - 0x00007ffde6340000 	C:\Users\yg638\.vscode\extensions\redhat.java-1.46.0-win32-x64\jre\21.0.8-win32-x86_64\bin\net.dll
0x00007ffe168b0000 - 0x00007ffe169cf000 	C:\WINDOWS\SYSTEM32\WINHTTP.dll
0x00007ffe1fcf0000 - 0x00007ffe1fd5b000 	C:\WINDOWS\system32\mswsock.dll
0x00007ffda02d0000 - 0x00007ffda02e6000 	C:\Users\yg638\.vscode\extensions\redhat.java-1.46.0-win32-x64\jre\21.0.8-win32-x86_64\bin\nio.dll
0x00007ffde5400000 - 0x00007ffde5410000 	c:\Users\yg638\.vscode\extensions\redhat.java-1.46.0-win32-x64\jre\21.0.8-win32-x86_64\bin\verify.dll
0x00007ffda2b50000 - 0x00007ffda2b94000 	C:\Users\yg638\AppData\Roaming\Code\User\globalStorage\redhat.java\1.46.0\config_win\org.eclipse.equinox.launcher\org.eclipse.equinox.launcher.win32.win32.x86_64_1.2.1400.v20250801-0854\eclipse_11916.dll
0x00007ffe222c0000 - 0x00007ffe22458000 	C:\WINDOWS\System32\ole32.dll
0x00007ffdd36e0000 - 0x00007ffdd36ea000 	C:\Users\yg638\.vscode\extensions\redhat.java-1.46.0-win32-x64\jre\21.0.8-win32-x86_64\bin\management.dll
0x00007ffdcddb0000 - 0x00007ffdcddbb000 	C:\Users\yg638\.vscode\extensions\redhat.java-1.46.0-win32-x64\jre\21.0.8-win32-x86_64\bin\management_ext.dll
0x00007ffe228c0000 - 0x00007ffe228c8000 	C:\WINDOWS\System32\PSAPI.DLL
0x00007ffe1ffa0000 - 0x00007ffe1ffbb000 	C:\WINDOWS\SYSTEM32\CRYPTSP.dll
0x00007ffe1f6e0000 - 0x00007ffe1f71b000 	C:\WINDOWS\system32\rsaenh.dll
0x00007ffe1fd90000 - 0x00007ffe1fdbb000 	C:\WINDOWS\SYSTEM32\USERENV.dll
0x00007ffe208a0000 - 0x00007ffe208c6000 	C:\WINDOWS\SYSTEM32\bcrypt.dll
0x00007ffe1ffc0000 - 0x00007ffe1ffcc000 	C:\WINDOWS\SYSTEM32\CRYPTBASE.dll
0x00007ffe1f150000 - 0x00007ffe1f184000 	C:\WINDOWS\SYSTEM32\IPHLPAPI.DLL
0x00007ffe22120000 - 0x00007ffe2212a000 	C:\WINDOWS\System32\NSI.dll
0x00007ffd9cd90000 - 0x00007ffd9cdd9000 	C:\Users\yg638\AppData\Local\Temp\jna-114868045\jna13762586656283725467.dll
0x00007ffe19010000 - 0x00007ffe1902e000 	C:\WINDOWS\SYSTEM32\dhcpcsvc6.DLL
0x00007ffe16880000 - 0x00007ffe168a3000 	C:\WINDOWS\SYSTEM32\dhcpcsvc.DLL
0x00007ffdcd9b0000 - 0x00007ffdcd9be000 	C:\Users\yg638\.vscode\extensions\redhat.java-1.46.0-win32-x64\jre\21.0.8-win32-x86_64\bin\sunmscapi.dll
0x00007ffe20c40000 - 0x00007ffe20db7000 	C:\WINDOWS\System32\CRYPT32.dll
0x00007ffe201c0000 - 0x00007ffe201f0000 	C:\WINDOWS\SYSTEM32\ncrypt.dll
0x00007ffe20170000 - 0x00007ffe201af000 	C:\WINDOWS\SYSTEM32\NTASN1.dll
0x00007ffe1f240000 - 0x00007ffe1f366000 	C:\WINDOWS\SYSTEM32\DNSAPI.dll
0x00007ffe049f0000 - 0x00007ffe049fb000 	C:\Windows\System32\rasadhlp.dll
0x00007ffe16340000 - 0x00007ffe163c6000 	C:\WINDOWS\System32\fwpuclnt.dll
0x00007ffdcd4c0000 - 0x00007ffdcd4c9000 	C:\Users\yg638\.vscode\extensions\redhat.java-1.46.0-win32-x64\jre\21.0.8-win32-x86_64\bin\extnet.dll
0x00007ffe05580000 - 0x00007ffe055a7000 	C:\Users\yg638\.gradle\native\1def1411415f61bf3af743bc5b6707747c0891f09f0c88961ee8f79bc544acac\windows-amd64\native-platform.dll
0x00007ffe155f0000 - 0x00007ffe155f8000 	C:\WINDOWS\system32\wshunix.dll

JVMTI agents:
c:\Users\yg638\.vscode\extensions\redhat.java-1.46.0-win32-x64\lombok\lombok-1.18.39-4050.jar path:c:\Users\yg638\.vscode\extensions\redhat.java-1.46.0-win32-x64\jre\21.0.8-win32-x86_64\bin\instrument.dll, loaded, initialized, instrumentlib options:none

dbghelp: loaded successfully - version: 4.0.5 - missing functions: none
symbol engine: initialized successfully - sym options: 0x614 - pdb path: .;c:\Users\yg638\.vscode\extensions\redhat.java-1.46.0-win32-x64\jre\21.0.8-win32-x86_64\bin;C:\WINDOWS\SYSTEM32;C:\WINDOWS\WinSxS\amd64_microsoft.windows.common-controls_6595b64144ccf1df_6.0.26100.6899_none_3e0efeeae32e88c1;c:\Users\yg638\.vscode\extensions\redhat.java-1.46.0-win32-x64\jre\21.0.8-win32-x86_64\bin\server;C:\Users\yg638\AppData\Roaming\Code\User\globalStorage\redhat.java\1.46.0\config_win\org.eclipse.equinox.launcher\org.eclipse.equinox.launcher.win32.win32.x86_64_1.2.1400.v20250801-0854;C:\Users\yg638\AppData\Local\Temp\jna-114868045;C:\Users\yg638\.gradle\native\1def1411415f61bf3af743bc5b6707747c0891f09f0c88961ee8f79bc544acac\windows-amd64

VM Arguments:
jvm_args: --add-modules=ALL-SYSTEM --add-opens=java.base/java.util=ALL-UNNAMED --add-opens=java.base/java.lang=ALL-UNNAMED --add-opens=java.base/sun.nio.fs=ALL-UNNAMED -Declipse.application=org.eclipse.jdt.ls.core.id1 -Dosgi.bundles.defaultStartLevel=4 -Declipse.product=org.eclipse.jdt.ls.core.product -Djava.import.generatesMetadataFilesAtProjectRoot=false -DDetectVMInstallationsJob.disabled=true -Dfile.encoding=utf8 -XX:+UseParallelGC -XX:GCTimeRatio=4 -XX:AdaptiveSizePolicyWeight=90 -Dsun.zip.disableMemoryMapping=true -Xmx2G -Xms100m -Xlog:disable -javaagent:c:\Users\yg638\.vscode\extensions\redhat.java-1.46.0-win32-x64\lombok\lombok-1.18.39-4050.jar -XX:+HeapDumpOnOutOfMemoryError -XX:HeapDumpPath=c:\Users\yg638\AppData\Roaming\Code\User\workspaceStorage\2e0b922a825706df6b4ab8fbe938a9ba\redhat.java -Daether.dependencyCollector.impl=bf 
java_command: c:\Users\yg638\.vscode\extensions\redhat.java-1.46.0-win32-x64\server\plugins\org.eclipse.equinox.launcher_1.7.0.v20250519-0528.jar -configuration c:\Users\yg638\AppData\Roaming\Code\User\globalStorage\redhat.java\1.46.0\config_win -data c:\Users\yg638\AppData\Roaming\Code\User\workspaceStorage\2e0b922a825706df6b4ab8fbe938a9ba\redhat.java\jdt_ws --pipe=\\.\pipe\lsp-4cb8ee1d9e6d91bd08b1d1b280710a93-sock
java_class_path (initial): c:\Users\yg638\.vscode\extensions\redhat.java-1.46.0-win32-x64\server\plugins\org.eclipse.equinox.launcher_1.7.0.v20250519-0528.jar
Launcher Type: SUN_STANDARD

[Global flags]
    uintx AdaptiveSizePolicyWeight                 = 90                                        {product} {command line}
     intx CICompilerCount                          = 4                                         {product} {ergonomic}
    uintx GCTimeRatio                              = 4                                         {product} {command line}
     bool HeapDumpOnOutOfMemoryError               = true                                   {manageable} {command line}
    ccstr HeapDumpPath                             = c:\Users\yg638\AppData\Roaming\Code\User\workspaceStorage\2e0b922a825706df6b4ab8fbe938a9ba\redhat.java         {manageable} {command line}
   size_t InitialHeapSize                          = 104857600                                 {product} {command line}
   size_t MaxHeapSize                              = 2147483648                                {product} {command line}
   size_t MaxNewSize                               = 715653120                                 {product} {ergonomic}
   size_t MinHeapDeltaBytes                        = 524288                                    {product} {ergonomic}
   size_t MinHeapSize                              = 104857600                                 {product} {command line}
   size_t NewSize                                  = 34603008                                  {product} {ergonomic}
    uintx NonNMethodCodeHeapSize                   = 5839372                                {pd product} {ergonomic}
    uintx NonProfiledCodeHeapSize                  = 122909434                              {pd product} {ergonomic}
   size_t OldSize                                  = 70254592                                  {product} {ergonomic}
    uintx ProfiledCodeHeapSize                     = 122909434                              {pd product} {ergonomic}
    uintx ReservedCodeCacheSize                    = 251658240                              {pd product} {ergonomic}
     bool SegmentedCodeCache                       = true                                      {product} {ergonomic}
   size_t SoftMaxHeapSize                          = 2147483648                             {manageable} {ergonomic}
     bool UseCompressedOops                        = true                           {product lp64_product} {ergonomic}
     bool UseLargePagesIndividualAllocation        = false                                  {pd product} {ergonomic}
     bool UseParallelGC                            = true                                      {product} {command line}

Logging:
Log output configuration:
 #0: stdout all=off uptime,level,tags foldmultilines=false
 #1: stderr all=off uptime,level,tags foldmultilines=false

Environment Variables:
PATH=Y:\Oracle\bin;Y:\Oculus\Support\oculus-runtime;C:\Users\yg638\AppData\Local\Programs\Python\Python311\Scripts\;C:\Users\yg638\AppData\Local\Programs\Python\Python311\;C:\Program Files\Common Files\Oracle\Java\javapath;C:\windows\system32;C:\windows;C:\windows\System32\Wbem;C:\windows\System32\WindowsPowerShell\v1.0\;C:\windows\System32\OpenSSH\;C:\Program Files (x86)\NVIDIA Corporation\PhysX\Common;C:\Program Files\NVIDIA Corporation\NVIDIA NvDLISR;C:\MinGW\bin;C:\WINDOWS\system32;C:\WINDOWS;C:\WINDOWS\System32\Wbem;C:\WINDOWS\System32\WindowsPowerShell\v1.0\;C:\WINDOWS\System32\OpenSSH\;C:\Program Files\Git\cmd;C:\Program Files\nodejs\;C:\ProgramData\chocolatey\bin;C:\Program Files\HP\HP One Agent;C:\php-8.3.8-Win32-vs16-x64;C:\Program Files\Apache\apache-maven-3.9.9\bin;;C:\Program Files\Docker\Docker\resources\bin;C:\WINDOWS\system32;C:\WINDOWS;C:\WINDOWS\System32\Wbem;C:\WINDOWS\System32\WindowsPowerShell\v1.0\;C:\WINDOWS\System32\OpenSSH\;C:\Program Files\MySQL\MySQL Shell 8.0\bin\;C:\Users\yg638\AppData\Local\Microsoft\WindowsApps;C:\Users\yg638\AppData\Local\Programs\Microsoft VS Code\bin;C:\Program Files\JetBrains\IntelliJ IDEA Community Edition 2023.1.2\bin;;C:\Users\yg638\AppData\Roaming\npm;C:\Program Files\MySQL\MySQL Server 8.0\bin;C:\Program Files\MongoDB\mongosh-2.0.2-win32-x64\bin;C:\Program Files\MongoDB\Server\7.0\bin;C:\Program Files\Git\bin;C:\Program Files\Apache\apache-maven-3.9.9\bin;
USERNAME=yg638
OS=Windows_NT
PROCESSOR_IDENTIFIER=AMD64 Family 25 Model 80 Stepping 0, AuthenticAMD
TMP=C:\Users\yg638\AppData\Local\Temp
TEMP=C:\Users\yg638\AppData\Local\Temp




Periodic native trim disabled

---------------  S Y S T E M  ---------------

OS:
 Windows 11 , 64 bit Build 26100 (10.0.26100.6725)
OS uptime: 4 days 22:44 hours
Hyper-V role detected

CPU: total 12 (initial active 12) (12 cores per cpu, 2 threads per core) family 25 model 80 stepping 0 microcode 0xa50000d, cx8, cmov, fxsr, ht, mmx, 3dnowpref, sse, sse2, sse3, ssse3, sse4a, sse4.1, sse4.2, popcnt, lzcnt, tsc, tscinvbit, avx, avx2, aes, erms, clmul, bmi1, bmi2, adx, sha, fma, vzeroupper, clflush, clflushopt, hv, rdtscp, rdpid, fsrm, f16c, cet_ss
Processor Information for the first 12 processors :
  Max Mhz: 3301, Current Mhz: 3301, Mhz Limit: 3301

Memory: 4k page, system-wide physical 7521M (727M free)
TotalPageFile size 31073M (AvailPageFile size 3M)
current process WorkingSet (physical memory assigned to process): 489M, peak: 491M
current process commit charge ("private bytes"): 617M, peak: 619M

vm_info: OpenJDK 64-Bit Server VM (21.0.8+9-LTS) for windows-amd64 JRE (21.0.8+9-LTS), built on 2025-07-15T00:00:00Z by "admin" with MS VC++ 17.7 (VS2022)

END.
